-------------------------------------------------------------------------------
Test set: com.example.demo.DemoApplicationTests
-------------------------------------------------------------------------------
Tests run: 1, Failures: 0, Errors: 1, Skipped: 0, Time elapsed: 2.112 s <<< FAILURE! - in com.example.demo.DemoApplicationTests
contextLoads  Time elapsed: 0.004 s  <<< ERROR!
java.lang.IllegalStateException: Failed to load ApplicationContext
Caused by: org.springframework.beans.factory.UnsatisfiedDependencyException: Error creating bean with name 'controller' defined in file [C:\Users\Techment Technology\Downloads\demo2\demo\target\classes\com\example\demo\Controller\Controller.class]: Unsatisfied dependency expressed through constructor parameter 0; nested exception is org.springframework.beans.factory.UnsatisfiedDependencyException: Error creating bean with name 'questionServiceImpl' defined in file [C:\Users\Techment Technology\Downloads\demo2\demo\target\classes\com\example\demo\Service\Impl\QuestionServiceImpl.class]: Unsatisfied dependency expressed through constructor parameter 0; nested exception is org.springframework.beans.factory.BeanCreationException: Error creating bean with name 'questionRepository' defined in com.example.demo.Repository.QuestionRepository defined in @EnableJpaRepositories declared on DemoApplication: Cannot create inner bean '(inner bean)#293cde83' of type [org.springframework.orm.jpa.SharedEntityManagerCreator] while setting bean property 'entityManager'; nested exception is org.springframework.beans.factory.BeanCreationException: Error creating bean with name '(inner bean)#293cde83': Cannot resolve reference to bean 'entityManagerFactory' while setting constructor argument; nested exception is org.springframework.beans.factory.NoSuchBeanDefinitionException: No bean named 'entityManagerFactory' available
Caused by: org.springframework.beans.factory.UnsatisfiedDependencyException: Error creating bean with name 'questionServiceImpl' defined in file [C:\Users\Techment Technology\Downloads\demo2\demo\target\classes\com\example\demo\Service\Impl\QuestionServiceImpl.class]: Unsatisfied dependency expressed through constructor parameter 0; nested exception is org.springframework.beans.factory.BeanCreationException: Error creating bean with name 'questionRepository' defined in com.example.demo.Repository.QuestionRepository defined in @EnableJpaRepositories declared on DemoApplication: Cannot create inner bean '(inner bean)#293cde83' of type [org.springframework.orm.jpa.SharedEntityManagerCreator] while setting bean property 'entityManager'; nested exception is org.springframework.beans.factory.BeanCreationException: Error creating bean with name '(inner bean)#293cde83': Cannot resolve reference to bean 'entityManagerFactory' while setting constructor argument; nested exception is org.springframework.beans.factory.NoSuchBeanDefinitionException: No bean named 'entityManagerFactory' available
Caused by: org.springframework.beans.factory.BeanCreationException: Error creating bean with name 'questionRepository' defined in com.example.demo.Repository.QuestionRepository defined in @EnableJpaRepositories declared on DemoApplication: Cannot create inner bean '(inner bean)#293cde83' of type [org.springframework.orm.jpa.SharedEntityManagerCreator] while setting bean property 'entityManager'; nested exception is org.springframework.beans.factory.BeanCreationException: Error creating bean with name '(inner bean)#293cde83': Cannot resolve reference to bean 'entityManagerFactory' while setting constructor argument; nested exception is org.springframework.beans.factory.NoSuchBeanDefinitionException: No bean named 'entityManagerFactory' available
Caused by: org.springframework.beans.factory.BeanCreationException: Error creating bean with name '(inner bean)#293cde83': Cannot resolve reference to bean 'entityManagerFactory' while setting constructor argument; nested exception is org.springframework.beans.factory.NoSuchBeanDefinitionException: No bean named 'entityManagerFactory' available
Caused by: org.springframework.beans.factory.NoSuchBeanDefinitionException: No bean named 'entityManagerFactory' available

